This is pdfTeX, Version 3.1415926-1.40.10 (TeX Live 2009/Debian) (format=pdflatex 2011.4.6)  21 MAY 2012 14:25
entering extended mode
 %&-line parsing enabled.
**projekt
(./projekt.tex
LaTeX2e <2009/09/24>
Babel <v3.8l> and hyphenation patterns for english, usenglishmax, dumylang, noh
yphenation, loaded.
(./fitthesis.cls
Document Class: fitthesis 2007/04/13 Sablona pro BP/DP
(/usr/share/texmf-texlive/tex/latex/base/report.cls
Document Class: report 2007/10/19 v1.4h Standard LaTeX document class
(/usr/share/texmf-texlive/tex/latex/base/size11.clo
File: size11.clo 2007/10/19 v1.4h Standard LaTeX file (size option)
)
\c@part=\count79
\c@chapter=\count80
\c@section=\count81
\c@subsection=\count82
\c@subsubsection=\count83
\c@paragraph=\count84
\c@subparagraph=\count85
\c@figure=\count86
\c@table=\count87
\abovecaptionskip=\skip41
\belowcaptionskip=\skip42
\bibindent=\dimen102
)
(/usr/share/texmf-texlive/tex/latex/amsmath/amsmath.sty
Package: amsmath 2000/07/18 v2.13 AMS math features
\@mathmargin=\skip43

For additional information on amsmath, use the `?' option.
(/usr/share/texmf-texlive/tex/latex/amsmath/amstext.sty
Package: amstext 2000/06/29 v2.01

(/usr/share/texmf-texlive/tex/latex/amsmath/amsgen.sty
File: amsgen.sty 1999/11/30 v2.0
\@emptytoks=\toks14
\ex@=\dimen103
))
(/usr/share/texmf-texlive/tex/latex/amsmath/amsbsy.sty
Package: amsbsy 1999/11/29 v1.2d
\pmbraise@=\dimen104
)
(/usr/share/texmf-texlive/tex/latex/amsmath/amsopn.sty
Package: amsopn 1999/12/14 v2.01 operator names
)
\inf@bad=\count88
LaTeX Info: Redefining \frac on input line 211.
\uproot@=\count89
\leftroot@=\count90
LaTeX Info: Redefining \overline on input line 307.
\classnum@=\count91
\DOTSCASE@=\count92
LaTeX Info: Redefining \ldots on input line 379.
LaTeX Info: Redefining \dots on input line 382.
LaTeX Info: Redefining \cdots on input line 467.
\Mathstrutbox@=\box26
\strutbox@=\box27
\big@size=\dimen105
LaTeX Font Info:    Redeclaring font encoding OML on input line 567.
LaTeX Font Info:    Redeclaring font encoding OMS on input line 568.
\macc@depth=\count93
\c@MaxMatrixCols=\count94
\dotsspace@=\muskip10
\c@parentequation=\count95
\dspbrk@lvl=\count96
\tag@help=\toks15
\row@=\count97
\column@=\count98
\maxfields@=\count99
\andhelp@=\toks16
\eqnshift@=\dimen106
\alignsep@=\dimen107
\tagshift@=\dimen108
\tagwidth@=\dimen109
\totwidth@=\dimen110
\lineht@=\dimen111
\@envbody=\toks17
\multlinegap=\skip44
\multlinetaggap=\skip45
\mathdisplay@stack=\toks18
LaTeX Info: Redefining \[ on input line 2666.
LaTeX Info: Redefining \] on input line 2667.
)
(/usr/share/texmf-texlive/tex/latex/amsfonts/amssymb.sty
Package: amssymb 2009/06/22 v3.00

(/usr/share/texmf-texlive/tex/latex/amsfonts/amsfonts.sty
Package: amsfonts 2009/06/22 v3.00 Basic AMSFonts support
\symAMSa=\mathgroup4
\symAMSb=\mathgroup5
LaTeX Font Info:    Overwriting math alphabet `\mathfrak' in version `bold'
(Font)                  U/euf/m/n --> U/euf/b/n on input line 96.
))
(/usr/share/texmf-texlive/tex/generic/babel/babel.sty
Package: babel 2008/07/06 v3.8l The Babel package

(/usr/share/texmf-texlive/tex/generic/babel/czech.ldf
Language: czech 2008/07/06 v3.1a Czech support from the babel system

(/usr/share/texmf-texlive/tex/generic/babel/babel.def
File: babel.def 2008/07/06 v3.8l Babel common definitions
\babel@savecnt=\count100
\U@D=\dimen112
)

Package babel Warning: No hyphenation patterns were loaded for
(babel)                the language `Czech'
(babel)                I will use the patterns loaded for \language=0 instead.

\l@czech = a dialect from \language0
Package babel Info: Making " an active character on input line 172.
\cs@wordlen=\count101
Package babel Info: Making - an active character on input line 226.
) (/usr/share/texmf-texlive/tex/generic/babel/english.ldf
Language: english 2005/03/30 v3.3o English support from the babel system
\l@british = a dialect from \language\l@english 
\l@UKenglish = a dialect from \language\l@english 
\l@canadian = a dialect from \language\l@american 
\l@australian = a dialect from \language\l@british 
\l@newzealand = a dialect from \language\l@british 
))
(/usr/share/texmf-texlive/tex/latex/base/inputenc.sty
Package: inputenc 2008/03/30 v1.1d Input encoding file
\inpenc@prehook=\toks19
\inpenc@posthook=\toks20

(/usr/share/texmf-texlive/tex/latex/base/utf8.def
File: utf8.def 2008/04/05 v1.1m UTF-8 support for inputenc
Now handling font encoding OML ...
... no UTF-8 mapping file for font encoding OML
Now handling font encoding T1 ...
... processing UTF-8 mapping file for font encoding T1

(/usr/share/texmf-texlive/tex/latex/base/t1enc.dfu
File: t1enc.dfu 2008/04/05 v1.1m UTF-8 support for inputenc
   defining Unicode char U+00A1 (decimal 161)
   defining Unicode char U+00A3 (decimal 163)
   defining Unicode char U+00AB (decimal 171)
   defining Unicode char U+00BB (decimal 187)
   defining Unicode char U+00BF (decimal 191)
   defining Unicode char U+00C0 (decimal 192)
   defining Unicode char U+00C1 (decimal 193)
   defining Unicode char U+00C2 (decimal 194)
   defining Unicode char U+00C3 (decimal 195)
   defining Unicode char U+00C4 (decimal 196)
   defining Unicode char U+00C5 (decimal 197)
   defining Unicode char U+00C6 (decimal 198)
   defining Unicode char U+00C7 (decimal 199)
   defining Unicode char U+00C8 (decimal 200)
   defining Unicode char U+00C9 (decimal 201)
   defining Unicode char U+00CA (decimal 202)
   defining Unicode char U+00CB (decimal 203)
   defining Unicode char U+00CC (decimal 204)
   defining Unicode char U+00CD (decimal 205)
   defining Unicode char U+00CE (decimal 206)
   defining Unicode char U+00CF (decimal 207)
   defining Unicode char U+00D0 (decimal 208)
   defining Unicode char U+00D1 (decimal 209)
   defining Unicode char U+00D2 (decimal 210)
   defining Unicode char U+00D3 (decimal 211)
   defining Unicode char U+00D4 (decimal 212)
   defining Unicode char U+00D5 (decimal 213)
   defining Unicode char U+00D6 (decimal 214)
   defining Unicode char U+00D8 (decimal 216)
   defining Unicode char U+00D9 (decimal 217)
   defining Unicode char U+00DA (decimal 218)
   defining Unicode char U+00DB (decimal 219)
   defining Unicode char U+00DC (decimal 220)
   defining Unicode char U+00DD (decimal 221)
   defining Unicode char U+00DE (decimal 222)
   defining Unicode char U+00DF (decimal 223)
   defining Unicode char U+00E0 (decimal 224)
   defining Unicode char U+00E1 (decimal 225)
   defining Unicode char U+00E2 (decimal 226)
   defining Unicode char U+00E3 (decimal 227)
   defining Unicode char U+00E4 (decimal 228)
   defining Unicode char U+00E5 (decimal 229)
   defining Unicode char U+00E6 (decimal 230)
   defining Unicode char U+00E7 (decimal 231)
   defining Unicode char U+00E8 (decimal 232)
   defining Unicode char U+00E9 (decimal 233)
   defining Unicode char U+00EA (decimal 234)
   defining Unicode char U+00EB (decimal 235)
   defining Unicode char U+00EC (decimal 236)
   defining Unicode char U+00ED (decimal 237)
   defining Unicode char U+00EE (decimal 238)
   defining Unicode char U+00EF (decimal 239)
   defining Unicode char U+00F0 (decimal 240)
   defining Unicode char U+00F1 (decimal 241)
   defining Unicode char U+00F2 (decimal 242)
   defining Unicode char U+00F3 (decimal 243)
   defining Unicode char U+00F4 (decimal 244)
   defining Unicode char U+00F5 (decimal 245)
   defining Unicode char U+00F6 (decimal 246)
   defining Unicode char U+00F8 (decimal 248)
   defining Unicode char U+00F9 (decimal 249)
   defining Unicode char U+00FA (decimal 250)
   defining Unicode char U+00FB (decimal 251)
   defining Unicode char U+00FC (decimal 252)
   defining Unicode char U+00FD (decimal 253)
   defining Unicode char U+00FE (decimal 254)
   defining Unicode char U+00FF (decimal 255)
   defining Unicode char U+0102 (decimal 258)
   defining Unicode char U+0103 (decimal 259)
   defining Unicode char U+0104 (decimal 260)
   defining Unicode char U+0105 (decimal 261)
   defining Unicode char U+0106 (decimal 262)
   defining Unicode char U+0107 (decimal 263)
   defining Unicode char U+010C (decimal 268)
   defining Unicode char U+010D (decimal 269)
   defining Unicode char U+010E (decimal 270)
   defining Unicode char U+010F (decimal 271)
   defining Unicode char U+0110 (decimal 272)
   defining Unicode char U+0111 (decimal 273)
   defining Unicode char U+0118 (decimal 280)
   defining Unicode char U+0119 (decimal 281)
   defining Unicode char U+011A (decimal 282)
   defining Unicode char U+011B (decimal 283)
   defining Unicode char U+011E (decimal 286)
   defining Unicode char U+011F (decimal 287)
   defining Unicode char U+0130 (decimal 304)
   defining Unicode char U+0131 (decimal 305)
   defining Unicode char U+0132 (decimal 306)
   defining Unicode char U+0133 (decimal 307)
   defining Unicode char U+0139 (decimal 313)
   defining Unicode char U+013A (decimal 314)
   defining Unicode char U+013D (decimal 317)
   defining Unicode char U+013E (decimal 318)
   defining Unicode char U+0141 (decimal 321)
   defining Unicode char U+0142 (decimal 322)
   defining Unicode char U+0143 (decimal 323)
   defining Unicode char U+0144 (decimal 324)
   defining Unicode char U+0147 (decimal 327)
   defining Unicode char U+0148 (decimal 328)
   defining Unicode char U+014A (decimal 330)
   defining Unicode char U+014B (decimal 331)
   defining Unicode char U+0150 (decimal 336)
   defining Unicode char U+0151 (decimal 337)
   defining Unicode char U+0152 (decimal 338)
   defining Unicode char U+0153 (decimal 339)
   defining Unicode char U+0154 (decimal 340)
   defining Unicode char U+0155 (decimal 341)
   defining Unicode char U+0158 (decimal 344)
   defining Unicode char U+0159 (decimal 345)
   defining Unicode char U+015A (decimal 346)
   defining Unicode char U+015B (decimal 347)
   defining Unicode char U+015E (decimal 350)
   defining Unicode char U+015F (decimal 351)
   defining Unicode char U+0160 (decimal 352)
   defining Unicode char U+0161 (decimal 353)
   defining Unicode char U+0162 (decimal 354)
   defining Unicode char U+0163 (decimal 355)
   defining Unicode char U+0164 (decimal 356)
   defining Unicode char U+0165 (decimal 357)
   defining Unicode char U+016E (decimal 366)
   defining Unicode char U+016F (decimal 367)
   defining Unicode char U+0170 (decimal 368)
   defining Unicode char U+0171 (decimal 369)
   defining Unicode char U+0178 (decimal 376)
   defining Unicode char U+0179 (decimal 377)
   defining Unicode char U+017A (decimal 378)
   defining Unicode char U+017B (decimal 379)
   defining Unicode char U+017C (decimal 380)
   defining Unicode char U+017D (decimal 381)
   defining Unicode char U+017E (decimal 382)
   defining Unicode char U+200C (decimal 8204)
   defining Unicode char U+2013 (decimal 8211)
   defining Unicode char U+2014 (decimal 8212)
   defining Unicode char U+2018 (decimal 8216)
   defining Unicode char U+2019 (decimal 8217)
   defining Unicode char U+201A (decimal 8218)
   defining Unicode char U+201C (decimal 8220)
   defining Unicode char U+201D (decimal 8221)
   defining Unicode char U+201E (decimal 8222)
   defining Unicode char U+2030 (decimal 8240)
   defining Unicode char U+2031 (decimal 8241)
   defining Unicode char U+2039 (decimal 8249)
   defining Unicode char U+203A (decimal 8250)
   defining Unicode char U+2423 (decimal 9251)
)
Now handling font encoding OT1 ...
... processing UTF-8 mapping file for font encoding OT1

(/usr/share/texmf-texlive/tex/latex/base/ot1enc.dfu
File: ot1enc.dfu 2008/04/05 v1.1m UTF-8 support for inputenc
   defining Unicode char U+00A1 (decimal 161)
   defining Unicode char U+00A3 (decimal 163)
   defining Unicode char U+00B8 (decimal 184)
   defining Unicode char U+00BF (decimal 191)
   defining Unicode char U+00C5 (decimal 197)
   defining Unicode char U+00C6 (decimal 198)
   defining Unicode char U+00D8 (decimal 216)
   defining Unicode char U+00DF (decimal 223)
   defining Unicode char U+00E6 (decimal 230)
   defining Unicode char U+00EC (decimal 236)
   defining Unicode char U+00ED (decimal 237)
   defining Unicode char U+00EE (decimal 238)
   defining Unicode char U+00EF (decimal 239)
   defining Unicode char U+00F8 (decimal 248)
   defining Unicode char U+0131 (decimal 305)
   defining Unicode char U+0141 (decimal 321)
   defining Unicode char U+0142 (decimal 322)
   defining Unicode char U+0152 (decimal 338)
   defining Unicode char U+0153 (decimal 339)
   defining Unicode char U+2013 (decimal 8211)
   defining Unicode char U+2014 (decimal 8212)
   defining Unicode char U+2018 (decimal 8216)
   defining Unicode char U+2019 (decimal 8217)
   defining Unicode char U+201C (decimal 8220)
   defining Unicode char U+201D (decimal 8221)
)
Now handling font encoding OMS ...
... processing UTF-8 mapping file for font encoding OMS

(/usr/share/texmf-texlive/tex/latex/base/omsenc.dfu
File: omsenc.dfu 2008/04/05 v1.1m UTF-8 support for inputenc
   defining Unicode char U+00A7 (decimal 167)
   defining Unicode char U+00B6 (decimal 182)
   defining Unicode char U+00B7 (decimal 183)
   defining Unicode char U+2020 (decimal 8224)
   defining Unicode char U+2021 (decimal 8225)
   defining Unicode char U+2022 (decimal 8226)
)
Now handling font encoding OMX ...
... no UTF-8 mapping file for font encoding OMX
Now handling font encoding U ...
... no UTF-8 mapping file for font encoding U
   defining Unicode char U+00A9 (decimal 169)
   defining Unicode char U+00AA (decimal 170)
   defining Unicode char U+00AE (decimal 174)
   defining Unicode char U+00BA (decimal 186)
   defining Unicode char U+02C6 (decimal 710)
   defining Unicode char U+02DC (decimal 732)
   defining Unicode char U+200C (decimal 8204)
   defining Unicode char U+2026 (decimal 8230)
   defining Unicode char U+2122 (decimal 8482)
   defining Unicode char U+2423 (decimal 9251)
))
(/usr/share/texmf-texlive/tex/latex/graphics/graphicx.sty
Package: graphicx 1999/02/16 v1.0f Enhanced LaTeX Graphics (DPC,SPQR)

(/usr/share/texmf-texlive/tex/latex/graphics/keyval.sty
Package: keyval 1999/03/16 v1.13 key=value parser (DPC)
\KV@toks@=\toks21
)
(/usr/share/texmf-texlive/tex/latex/graphics/graphics.sty
Package: graphics 2009/02/05 v1.0o Standard LaTeX Graphics (DPC,SPQR)

(/usr/share/texmf-texlive/tex/latex/graphics/trig.sty
Package: trig 1999/03/16 v1.09 sin cos tan (DPC)
)
(/etc/texmf/tex/latex/config/graphics.cfg
File: graphics.cfg 2009/08/28 v1.8 graphics configuration of TeX Live
)
Package graphics Info: Driver file: pdftex.def on input line 91.

(/usr/share/texmf-texlive/tex/latex/pdftex-def/pdftex.def
File: pdftex.def 2009/08/25 v0.04m Graphics/color for pdfTeX
\Gread@gobject=\count102
))
\Gin@req@height=\dimen113
\Gin@req@width=\dimen114
)
\mkspc=\skip46
)
(/usr/share/texmf-texlive/tex/latex/ltxmisc/url.sty
\Urlmuskip=\muskip11
Package: url 2006/04/12  ver 3.3  Verb mode for urls, etc.
)
(/usr/share/texmf-texlive/tex/latex/graphics/color.sty
Package: color 2005/11/14 v1.0j Standard LaTeX Color (DPC)

(/etc/texmf/tex/latex/config/color.cfg
File: color.cfg 2007/01/18 v1.5 color configuration of teTeX/TeXLive
)
Package color Info: Driver file: pdftex.def on input line 130.
)
(/usr/share/texmf-texlive/tex/latex/hyperref/hyperref.sty
Package: hyperref 2009/10/09 v6.79a Hypertext links for LaTeX

(/usr/share/texmf-texlive/tex/generic/oberdiek/ifpdf.sty
Package: ifpdf 2009/04/10 v2.0 Provides the ifpdf switch (HO)
Package ifpdf Info: pdfTeX in pdf mode detected.
)
(/usr/share/texmf-texlive/tex/generic/oberdiek/ifvtex.sty
Package: ifvtex 2008/11/04 v1.4 Switches for detecting VTeX and its modes (HO)
Package ifvtex Info: VTeX not detected.
)
(/usr/share/texmf-texlive/tex/generic/ifxetex/ifxetex.sty
Package: ifxetex 2009/01/23 v0.5 Provides ifxetex conditional
)
(/usr/share/texmf-texlive/tex/latex/oberdiek/hycolor.sty
Package: hycolor 2009/10/02 v1.5 Code for color options of hyperref/bookmark (H
O)

(/usr/share/texmf-texlive/tex/latex/oberdiek/xcolor-patch.sty
Package: xcolor-patch 2009/10/02 xcolor patch
))
\@linkdim=\dimen115
\Hy@linkcounter=\count103
\Hy@pagecounter=\count104

(/usr/share/texmf-texlive/tex/latex/hyperref/pd1enc.def
File: pd1enc.def 2009/10/09 v6.79a Hyperref: PDFDocEncoding definition (HO)
Now handling font encoding PD1 ...
... no UTF-8 mapping file for font encoding PD1
)
(/usr/share/texmf-texlive/tex/generic/oberdiek/etexcmds.sty
Package: etexcmds 2007/12/12 v1.2 Prefix for e-TeX command names (HO)

(/usr/share/texmf-texlive/tex/generic/oberdiek/infwarerr.sty
Package: infwarerr 2007/09/09 v1.2 Providing info/warning/message (HO)
)
Package etexcmds Info: Could not find \expanded.
(etexcmds)             That can mean that you are not using pdfTeX 1.50 or
(etexcmds)             that some package has redefined \expanded.
(etexcmds)             In the latter case, load this package earlier.
)
(/usr/share/texmf-texlive/tex/latex/latexconfig/hyperref.cfg
File: hyperref.cfg 2002/06/06 v1.2 hyperref configuration of TeXLive
)
(/usr/share/texmf-texlive/tex/latex/oberdiek/kvoptions.sty
Package: kvoptions 2009/08/13 v3.4 Keyval support for LaTeX options (HO)

(/usr/share/texmf-texlive/tex/generic/oberdiek/kvsetkeys.sty
Package: kvsetkeys 2009/07/30 v1.5 Key value parser with default handler suppor
t (HO)
))
Package hyperref Info: Option `unicode' set `true' on input line 2864.

(/usr/share/texmf-texlive/tex/latex/hyperref/puenc.def
File: puenc.def 2009/10/09 v6.79a Hyperref: PDF Unicode definition (HO)
Now handling font encoding PU ...
... no UTF-8 mapping file for font encoding PU
)
Package hyperref Info: Option `colorlinks' set `true' on input line 2864.
Package hyperref Info: Option `hyperindex' set `true' on input line 2864.
Package hyperref Info: Option `plainpages' set `false' on input line 2864.
Package hyperref Info: Hyper figures OFF on input line 2975.
Package hyperref Info: Link nesting OFF on input line 2980.
Package hyperref Info: Hyper index ON on input line 2983.
Package hyperref Info: Plain pages OFF on input line 2990.
Package hyperref Info: Backreferencing OFF on input line 2995.

Implicit mode ON; LaTeX internals redefined
Package hyperref Info: Bookmarks ON on input line 3191.
LaTeX Info: Redefining \url on input line 3428.
(/usr/share/texmf-texlive/tex/generic/oberdiek/bitset.sty
Package: bitset 2007/09/28 v1.0 Data type bit set (HO)

(/usr/share/texmf-texlive/tex/generic/oberdiek/intcalc.sty
Package: intcalc 2007/09/27 v1.1 Expandable integer calculations (HO)
)
(/usr/share/texmf-texlive/tex/generic/oberdiek/bigintcalc.sty
Package: bigintcalc 2007/11/11 v1.1 Expandable big integer calculations (HO)

(/usr/share/texmf-texlive/tex/generic/oberdiek/pdftexcmds.sty
Package: pdftexcmds 2009/09/23 v0.6 LuaTeX support for pdfTeX utility functions
 (HO)

(/usr/share/texmf-texlive/tex/generic/oberdiek/ifluatex.sty
Package: ifluatex 2009/04/17 v1.2 Provides the ifluatex switch (HO)
Package ifluatex Info: LuaTeX not detected.
)
(/usr/share/texmf-texlive/tex/generic/oberdiek/ltxcmds.sty
Package: ltxcmds 2009/08/05 v1.0 Some LaTeX kernel commands for general use (HO
)
)
Package pdftexcmds Info: LuaTeX not detected.
Package pdftexcmds Info: \pdf@primitive is available.
Package pdftexcmds Info: \pdf@ifprimitive is available.
)))
\Fld@menulength=\count105
\Field@Width=\dimen116
\Fld@charsize=\dimen117
\Field@toks=\toks22
Package hyperref Info: Hyper figures OFF on input line 4377.
Package hyperref Info: Link nesting OFF on input line 4382.
Package hyperref Info: Hyper index ON on input line 4385.
Package hyperref Info: backreferencing OFF on input line 4392.
Package hyperref Info: Link coloring ON on input line 4395.
Package hyperref Info: Link coloring with OCG OFF on input line 4402.
Package hyperref Info: PDF/A mode OFF on input line 4407.

(/usr/share/texmf-texlive/tex/generic/oberdiek/atbegshi.sty
Package: atbegshi 2008/07/31 v1.9 At begin shipout hook (HO)
)
\Hy@abspage=\count106
\c@Item=\count107
\c@Hfootnote=\count108
)
*hyperref using driver hpdftex*
(/usr/share/texmf-texlive/tex/latex/hyperref/hpdftex.def
File: hpdftex.def 2009/10/09 v6.79a Hyperref driver for pdfTeX
\Fld@listcount=\count109
)
(/usr/share/texmf-texlive/tex/latex/oberdiek/hypcap.sty
Package: hypcap 2008/09/08 v1.10 Adjusting anchors of captions (HO)
) (./projekt.aux

LaTeX Warning: Label `eq:fastindex' multiply defined.

)
\openout1 = `projekt.aux'.

LaTeX Font Info:    Checking defaults for OML/cmm/m/it on input line 130.
LaTeX Font Info:    ... okay on input line 130.
LaTeX Font Info:    Checking defaults for T1/cmr/m/n on input line 130.
LaTeX Font Info:    ... okay on input line 130.
LaTeX Font Info:    Checking defaults for OT1/cmr/m/n on input line 130.
LaTeX Font Info:    ... okay on input line 130.
LaTeX Font Info:    Checking defaults for OMS/cmsy/m/n on input line 130.
LaTeX Font Info:    ... okay on input line 130.
LaTeX Font Info:    Checking defaults for OMX/cmex/m/n on input line 130.
LaTeX Font Info:    ... okay on input line 130.
LaTeX Font Info:    Checking defaults for U/cmr/m/n on input line 130.
LaTeX Font Info:    ... okay on input line 130.
LaTeX Font Info:    Checking defaults for PD1/pdf/m/n on input line 130.
LaTeX Font Info:    ... okay on input line 130.
LaTeX Font Info:    Checking defaults for PU/pdf/m/n on input line 130.
LaTeX Font Info:    ... okay on input line 130.
 (/usr/share/texmf-texlive/tex/context/base/supp-pdf.mkii
[Loading MPS to PDF converter (version 2006.09.02).]
\scratchcounter=\count110
\scratchdimen=\dimen118
\scratchbox=\box28
\nofMPsegments=\count111
\nofMParguments=\count112
\everyMPshowfont=\toks23
\MPscratchCnt=\count113
\MPscratchDim=\dimen119
\MPnumerator=\count114
\everyMPtoPDFconversion=\toks24
)
Package hyperref Info: Link coloring ON on input line 130.
 (/usr/share/texmf-texlive/tex/latex/hyperref/nameref.sty
Package: nameref 2007/05/29 v2.31 Cross-referencing by name of section

(/usr/share/texmf-texlive/tex/latex/oberdiek/refcount.sty
Package: refcount 2008/08/11 v3.1 Data extraction from references (HO)
)
\c@section@level=\count115
)
LaTeX Info: Redefining \ref on input line 130.
LaTeX Info: Redefining \pageref on input line 130.
 (./projekt.out)
(./projekt.out)
\@outlinefile=\write3
\openout3 = `projekt.out'.

\AtBeginShipoutBox=\box29
LaTeX Font Info:    Try loading font information for OT1+phv on input line 136.

 (/usr/share/texmf-texlive/tex/latex/psnfss/ot1phv.fd
File: ot1phv.fd 2001/06/04 scalable font definitions for OT1/phv.
) [1

{/var/lib/texmf/fonts/map/pdftex/updmap/pdftex.map}]
\@obrlogo=\box30
\@rtext=\box31
\@vyskartext=\skip47
\@vyskaobr=\skip48

<fig/vut-zp2.pdf, id=145, 109.40875pt x 109.40875pt>
File: fig/vut-zp2.pdf Graphic file (type pdf)
 <use fig/vut-zp2.pdf>
Overfull \hbox (109.58464pt too wide) in paragraph at lines 136--136
[][] 
 []

<fig/fit-zp2.pdf, id=146, 120.45pt x 120.45pt>
File: fig/fit-zp2.pdf Graphic file (type pdf)
 <use fig/fit-zp2.pdf>
Overfull \hbox (109.58464pt too wide) in paragraph at lines 136--136
[][] 
 []

[2 <./fig/vut-zp2.pdf> <./fig/fit-zp2.pdf>]

LaTeX Font Warning: Font shape `OT1/cmr/m/n' in size <16> not available
(Font)              size <17.28> substituted on input line 136.


LaTeX Font Warning: Font shape `OT1/cmr/bx/n' in size <16> not available
(Font)              size <17.28> substituted on input line 136.

[3]

LaTeX Font Warning: Font shape `OT1/cmr/m/n' in size <18> not available
(Font)              size <17.28> substituted on input line 136.


LaTeX Font Warning: Font shape `OT1/cmr/bx/n' in size <18> not available
(Font)              size <17.28> substituted on input line 136.

LaTeX Font Info:    Try loading font information for OMS+cmr on input line 136.

(/usr/share/texmf-texlive/tex/latex/base/omscmr.fd
File: omscmr.fd 1999/05/25 v2.5h Standard LaTeX font definitions
)
LaTeX Font Info:    Font shape `OMS/cmr/m/n' in size <10.95> not available
(Font)              Font shape `OMS/cmsy/m/n' tried instead on input line 136.

Overfull \hbox (13.58817pt too wide) in paragraph at lines 136--136
\OT1/cmr/m/it/10.95 forma^^Tcn^^S^^Pch tech-nologi^^S^^P. Pr^^Sace je chr^^San^
^Tena au-torsk^^Sym z^^Sakonem a jej^^S^^P u^^Tzit^^S^^P bez ud^^Telen^^S^^P op
r^^Savn^^Ten^^S^^P
 []

[4] (./projekt.toc
LaTeX Font Info:    Try loading font information for U+msa on input line 3.
 (/usr/share/texmf-texlive/tex/latex/amsfonts/umsa.fd
File: umsa.fd 2009/06/22 v3.00 AMS symbols A
)
LaTeX Font Info:    Try loading font information for U+msb on input line 3.

(/usr/share/texmf-texlive/tex/latex/amsfonts/umsb.fd
File: umsb.fd 2009/06/22 v3.00 AMS symbols B
))
\tf@toc=\write4
\openout4 = `projekt.toc'.

 (./obsah.tex (./uvod.texpdfTeX warning (ext4): destination with the same ident
ifier (name{page.1}) has been already used, duplicate ignored
<to be read again> 
                   \relax 
l.4 \chapter
            {Úvod} [1


]
Kapitola 1.
pdfTeX warning (ext4): destination with the same identifier (name{page.2}) has 
been already used, duplicate ignored
<to be read again> 
                   \relax 
l.39 
      [2

]) (./velikost.texpdfTeX warning (ext4): destination with the same identifier (
name{page.3}) has been already used, duplicate ignored
<to be read again> 
                   \relax 
l.4 \chapter
            {Techniky pro omezení velikosti} [3]
Kapitola 2.
pdfTeX warning (ext4): destination with the same identifier (name{page.4}) has 
been already used, duplicate ignored
<to be read again> 
                   \relax 
l.41 \end{description}
                       [4

] <obr/goto.pdf, id=219, 298.716pt x 159.797pt>
File: obr/goto.pdf Graphic file (type pdf)

<use obr/goto.pdf> [5]
Overfull \hbox (3.66466pt too wide) in paragraph at lines 124--129
\OT1/cmr/m/n/10.95 pot^^Trebujeme na v^^S^^Pcero m^^S^^Pstech, m^^Wu^^Tze b^^Sy
t vytvo^^Tren^^S^^P obecn^^Seho sez-namu dobr^^Sym krokem.
 []

[6 <./obr/goto.pdf>]) (./generovani.tex [7]
Kapitola 3.
(./sum.tex [8

] <obr/simply_noise.png, id=261, 302.12875pt x 299.1175pt>
File: obr/simply_noise.png Graphic file (type png)

<use obr/simply_noise.png>
<obr/midpoint_noise.jpg, id=262, 513.92pt x 513.92pt>
File: obr/midpoint_noise.jpg Graphic file (type jpg)

<use obr/midpoint_noise.jpg>

LaTeX Warning: `h' float specifier changed to `ht'.

[9] <obr/midpoint.pdf, id=283, 326.821pt x 77.89099pt>
File: obr/midpoint.pdf Graphic file (type pdf)
 <use obr/midpoint.pdf>)
[10 <./obr/simply_noise.png (PNG copy)> <./obr/midpoint_noise.jpg> <./obr/midpo
int.pdf>] <obr/dimenze.pdf, id=301, 574.94798pt x 584.58403pt>
File: obr/dimenze.pdf Graphic file (type pdf)

<use obr/dimenze.pdf> (./voronoid.tex [11 <./obr/dimenze.pdf>]
Overfull \hbox (2.83917pt too wide) in paragraph at lines 22--26
[]\OT1/cmr/m/n/10.95 Aby se s di-a-gramem dob^^Tre pra-co-v-alo je vhodn^^Se je
j p^^Trev^^Sest na nor-mal-i-zo-van^^Se vzd^^Salenostn^^S^^P.
 []

<obr/voronoid.pdf, id=325, 415.151pt x 415.151pt>
File: obr/voronoid.pdf Graphic file (type pdf)
 <use obr/voronoid.pdf>
<obr/vzdalenostni_pole.jpg, id=327, 513.92pt x 513.92pt>
File: obr/vzdalenostni_pole.jpg Graphic file (type jpg)

<use obr/vzdalenostni_pole.jpg>
Overfull \hbox (6.42589pt too wide) in paragraph at lines 41--49
\OT1/cmr/m/n/10.95 (\OML/cmm/m/it/10.95 x[]; x[]; [] ; x[]\OT1/cmr/m/n/10.95 )$
. Rozm^^Tery pole (v^^Sy^^Tska, ^^Ts^^S^^P^^Trka, ...) ozna^^Tcme $\OML/cmm/m/i
t/10.95 r \OT1/cmr/m/n/10.95 = (\OML/cmm/m/it/10.95 r[]; r[]; [] ; r[]\OT1/cmr/
m/n/10.95 )$. P^^Tredpokl^^Sadejme,
 []

[12 <./obr/voronoid.pdf> <./obr/vzdalenostni_pole.jpg>]
<obr/navazovani.pdf, id=340, 540.41902pt x 126.87401pt>
File: obr/navazovani.pdf Graphic file (type pdf)

<use obr/navazovani.pdf> <obr/vorostrom.pdf, id=344, 2045.24098pt x 411.136pt>
File: obr/vorostrom.pdf Graphic file (type pdf)

<use obr/vorostrom.pdf> [13 <./obr/navazovani.pdf> <./obr/vorostrom.pdf>]
<obr/vorokruh0.pdf, id=395, 411.136pt x 411.136pt>
File: obr/vorokruh0.pdf Graphic file (type pdf)
 <use obr/vorokruh0.pdf>
<obr/vorokruh1.pdf, id=397, 411.136pt x 411.136pt>
File: obr/vorokruh1.pdf Graphic file (type pdf)
 <use obr/vorokruh1.pdf>)
(./textury.tex [14 <./obr/vorokruh0.pdf> <./obr/vorokruh1.pdf>]
<obr/gradient.png, id=435, 782.925pt x 90.3375pt>
File: obr/gradient.png Graphic file (type png)
 <use obr/gradient.png>
<obr/gradmap0.jpg, id=436, 513.92pt x 513.92pt>
File: obr/gradmap0.jpg Graphic file (type jpg)
 <use obr/gradmap0.jpg>
<obr/gradmap1.jpg, id=437, 513.92pt x 513.92pt>
File: obr/gradmap1.jpg Graphic file (type jpg)
 <use obr/gradmap1.jpg> [15 <./obr/gradient.png (PNG copy)> <./obr/gradmap0.jpg
> <./obr/gradmap1.jpg>]
<obr/voro_00.jpg, id=451, 513.92pt x 513.92pt>
File: obr/voro_00.jpg Graphic file (type jpg)
 <use obr/voro_00.jpg>
<obr/voro_01.jpg, id=452, 513.92pt x 513.92pt>
File: obr/voro_01.jpg Graphic file (type jpg)
 <use obr/voro_01.jpg>

LaTeX Warning: `h' float specifier changed to `ht'.

<obr/slozeni.jpg, id=454, 308.15125pt x 308.15125pt>
File: obr/slozeni.jpg Graphic file (type jpg)
 <use obr/slozeni.jpg>
[16] <obr/voro_02.jpg, id=464, 513.92pt x 513.92pt>
File: obr/voro_02.jpg Graphic file (type jpg)
 <use obr/voro_02.jpg>
<obr/voro_03.jpg, id=465, 513.92pt x 513.92pt>
File: obr/voro_03.jpg Graphic file (type jpg)
 <use obr/voro_03.jpg>
<obr/voro_04.jpg, id=466, 513.92pt x 513.92pt>
File: obr/voro_04.jpg Graphic file (type jpg)
 <use obr/voro_04.jpg>
<obr/voro_05.jpg, id=467, 513.92pt x 513.92pt>
File: obr/voro_05.jpg Graphic file (type jpg)
 <use obr/voro_05.jpg>
<obr/voro_06.jpg, id=468, 513.92pt x 513.92pt>
File: obr/voro_06.jpg Graphic file (type jpg)
 <use obr/voro_06.jpg>
<obr/voro_07.jpg, id=469, 513.92pt x 513.92pt>
File: obr/voro_07.jpg Graphic file (type jpg)
 <use obr/voro_07.jpg>
<obr/voro_08.jpg, id=470, 513.92pt x 513.92pt>
File: obr/voro_08.jpg Graphic file (type jpg)
 <use obr/voro_08.jpg>
<obr/voro_09.jpg, id=471, 513.92pt x 513.92pt>
File: obr/voro_09.jpg Graphic file (type jpg)
 <use obr/voro_09.jpg>
<obr/voro_10.jpg, id=472, 513.92pt x 513.92pt>
File: obr/voro_10.jpg Graphic file (type jpg)
 <use obr/voro_10.jpg>
<obr/voro_11.jpg, id=473, 513.92pt x 513.92pt>
File: obr/voro_11.jpg Graphic file (type jpg)
 <use obr/voro_11.jpg>
<obr/voro_12.jpg, id=474, 513.92pt x 513.92pt>
File: obr/voro_12.jpg Graphic file (type jpg)
 <use obr/voro_12.jpg>
<obr/voro_13.jpg, id=475, 513.92pt x 513.92pt>
File: obr/voro_13.jpg Graphic file (type jpg)
 <use obr/voro_13.jpg>)
(./geometrie.tex [17 <./obr/voro_00.jpg> <./obr/voro_01.jpg> <./obr/slozeni.jpg
>] <obr/mccase.pdf, id=482, 336.45702pt x 175.857pt>
File: obr/mccase.pdf Graphic file (type pdf)
 <use obr/mccase.pdf>

LaTeX Warning: `h' float specifier changed to `ht'.

[18 <./obr/voro_02.jpg> <./obr/voro_03.jpg> <./obr/voro_04.jpg> <./obr/voro_05.
jpg> <./obr/voro_06.jpg> <./obr/voro_07.jpg> <./obr/voro_08.jpg> <./obr/voro_09
.jpg> <./obr/voro_10.jpg> <./obr/voro_11.jpg> <./obr/voro_12.jpg> <./obr/voro_1
3.jpg>] <obr/tetra.pdf, id=496, 236.885pt x 189.508pt>
File: obr/tetra.pdf Graphic file (type pdf)
 <use obr/tetra.pdf>

LaTeX Warning: `h' float specifier changed to `ht'.

[19 <./obr/mccase.pdf>] <obr/mt_nevyhlaz.jpg, id=510, 445.665pt x 577.15625pt>
File: obr/mt_nevyhlaz.jpg Graphic file (type jpg)

<use obr/mt_nevyhlaz.jpg> <obr/mt_vyhlaz.jpg, id=511, 453.695pt x 577.15625pt>
File: obr/mt_vyhlaz.jpg Graphic file (type jpg)

<use obr/mt_vyhlaz.jpg> [20 <./obr/tetra.pdf> <./obr/mt_nevyhlaz.jpg> <./obr/mt
_vyhlaz.jpg>] <obr/normalsum.jpg, id=524, 793.96625pt x 664.4825pt>
File: obr/normalsum.jpg Graphic file (type jpg)

<use obr/normalsum.jpg>
<obr/normalgradient.jpg, id=525, 793.96625pt x 664.4825pt>
File: obr/normalgradient.jpg Graphic file (type jpg)

<use obr/normalgradient.jpg>

LaTeX Warning: `h' float specifier changed to `ht'.

) (./bump.tex [21] <obr/bump0.jpg, id=539, 685.56125pt x 609.27625pt>
File: obr/bump0.jpg Graphic file (type jpg)

<use obr/bump0.jpg> <obr/bump1.jpg, id=540, 685.56125pt x 609.27625pt>
File: obr/bump1.jpg Graphic file (type jpg)

<use obr/bump1.jpg> <obr/bump2.jpg, id=541, 685.56125pt x 609.27625pt>
File: obr/bump2.jpg Graphic file (type jpg)

<use obr/bump2.jpg>) [22 <./obr/normalsum.jpg> <./obr/normalgradient.jpg> <./ob
r/bump0.jpg> <./obr/bump1.jpg> <./obr/bump2.jpg>] (./skybox.tex
<obr/skybox0.jpg, id=552, 1357.07pt x 1017.8025pt>
File: obr/skybox0.jpg Graphic file (type jpg)
 <use obr/skybox0.jpg>
[23] [24 <./obr/skybox0.jpg>]
<obr/skyboxgrad.pdf, id=566, 351.71399pt x 190.311pt>
File: obr/skyboxgrad.pdf Graphic file (type pdf)
 <use obr/skyboxgrad.pdf>
<obr/skyboxsun.pdf, id=569, 275.429pt x 145.343pt>
File: obr/skyboxsun.pdf Graphic file (type pdf)
 <use obr/skyboxsun.pdf>

LaTeX Warning: `h' float specifier changed to `ht'.

<obr/skyboxcloud.pdf, id=574, 244.915pt x 91.54199pt>
File: obr/skyboxcloud.pdf Graphic file (type pdf)

<use obr/skyboxcloud.pdf> [25 <./obr/skyboxgrad.pdf>]
<obr/skyboxalias.jpg, id=601, 513.92pt x 301.125pt>
File: obr/skyboxalias.jpg Graphic file (type jpg)
 <use obr/skyboxalias.jpg>
<obr/skyboxantialias.jpg, id=602, 513.92pt x 301.125pt>
File: obr/skyboxantialias.jpg Graphic file (type jpg)

<use obr/skyboxantialias.jpg>
<obr/skybox1.jpg, id=603, 1357.07pt x 1017.8025pt>
File: obr/skybox1.jpg Graphic file (type jpg)
 <use obr/skybox1.jpg>

LaTeX Warning: `h' float specifier changed to `ht'.

) (./particle.tex [26 <./obr/skyboxsun.pdf> <./obr/skyboxcloud.pdf> <./obr/skyb
oxalias.jpg> <./obr/skyboxantialias.jpg>]) (./elastic.tex [27 <./obr/skybox1.jp
g>] <obr/intpos.pdf, id=673, 118.041pt x 93.951pt>
File: obr/intpos.pdf Graphic file (type pdf)
 <use obr/intpos.pdf>
<obr/intvelpos.pdf, id=681, 245.718pt x 93.951pt>
File: obr/intvelpos.pdf Graphic file (type pdf)
 <use obr/intvelpos.pdf>

LaTeX Warning: `h' float specifier changed to `ht'.

[28 <./obr/intpos.pdf>] <obr/intschema.pdf, id=704, 418.36299pt x 390.25798pt>
File: obr/intschema.pdf Graphic file (type pdf)

<use obr/intschema.pdf>

LaTeX Warning: `h' float specifier changed to `ht'.

[29 <./obr/intvelpos.pdf>] [30 <./obr/intschema.pdf>]) (./kolize.tex [31])
(./voda.tex <obr/reflex0.jpg, id=748, 728.7225pt x 386.44376pt>
File: obr/reflex0.jpg Graphic file (type jpg)

<use obr/reflex0.jpg> [32 <./obr/reflex0.jpg>]
<obr/reflex1.jpg, id=755, 1100.11pt x 453.695pt>
File: obr/reflex1.jpg Graphic file (type jpg)
 <use obr/reflex1.jpg>)
(./teren.tex) [33 <./obr/reflex1.jpg>] (./kamera.tex
<obr/kamera0.pdf, id=768, 121.253pt x 32.12pt>
File: obr/kamera0.pdf Graphic file (type pdf)
 <use obr/kamera0.pdf> [34]
<obr/kamera1.pdf, id=779, 170.23601pt x 103.58699pt>
File: obr/kamera1.pdf Graphic file (type pdf)
 <use obr/kamera1.pdf>)
<obr/font.jpg, id=782, 343.2825pt x 12.045pt>
File: obr/font.jpg Graphic file (type jpg)
 <use obr/font.jpg>)
(./implementace.tex [35 <./obr/kamera0.pdf> <./obr/kamera1.pdf> <./obr/font.jpg
>]
Kapitola 4.
(./hudba.tex <obr/vsti.jpg, id=810, 697.60625pt x 286.06876pt>
File: obr/vsti.jpg Graphic file (type jpg)

<use obr/vsti.jpg>) (./scene.tex [36

 <./obr/vsti.jpg>]
<obr/hory0.jpg, id=822, 1109.14375pt x 610.28pt>
File: obr/hory0.jpg Graphic file (type jpg)
 <use obr/hory0.jpg>
<obr/pobrezi.jpg, id=825, 1369.115pt x 752.8125pt>
File: obr/pobrezi.jpg Graphic file (type jpg)
 <use obr/pobrezi.jpg>
[37 <./obr/hory0.jpg>] [38 <./obr/pobrezi.jpg>]
<obr/listy.jpg, id=846, 256.96pt x 256.96pt>
File: obr/listy.jpg Graphic file (type jpg)
 <use obr/listy.jpg>
<obr/liana.pdf, id=847, 54.604pt x 134.90399pt>
File: obr/liana.pdf Graphic file (type pdf)
 <use obr/liana.pdf>
<obr/koberec.jpg, id=849, 256.96pt x 256.96pt>
File: obr/koberec.jpg Graphic file (type jpg)
 <use obr/koberec.jpg>
<obr/tunel.jpg, id=850, 554.07pt x 733.74126pt>
File: obr/tunel.jpg Graphic file (type jpg)
 <use obr/tunel.jpg>

LaTeX Warning: `h' float specifier changed to `ht'.

<obr/jeskyne.jpg, id=851, 1369.115pt x 752.8125pt>
File: obr/jeskyne.jpg Graphic file (type jpg)
 <use obr/jeskyne.jpg>

LaTeX Warning: `h' float specifier changed to `ht'.

) (./glsl.tex [39 <./obr/listy.jpg> <./obr/liana.pdf> <./obr/koberec.jpg>]
Overfull \hbox (0.81273pt too wide) in paragraph at lines 31--45
\OT1/cmr/m/n/10.95 troj^^Suheln^^S^^Pky kresleny ve ^^Tspatn^^Sem po^^Trad^^S^^
P. Vykres-lu-jeme n^^Tekter^^Se frag-menty, kter^^Se jsou pozd^^Teji
 []

) (./rozdeleni.tex [40 <./obr/tunel.jpg>] [41 <./obr/jeskyne.jpg>]
Overfull \hbox (15.24525pt too wide) in paragraph at lines 44--45
[]\OT1/cmr/m/n/10.95 Obsahuj^^S^^P funkce pro vytvo^^Tren^^S^^P v^^Sy^^Tskov^^S
ych map hor a p^^Tr^^S^^Pmo^^Trsk^^Sych
 []

[42]) [43] <obr/fps.pdf, id=877, 234.47601pt x 85.921pt>
File: obr/fps.pdf Graphic file (type pdf)
 <use obr/fps.pdf>)
(./zaver.tex [44 <./obr/fps.pdf>]
Kapitola 5.
)) (./projekt.bbl [45

] [46]) (./prilohy.tex) [47

] (./projekt.aux)

LaTeX Font Warning: Size substitutions with differences
(Font)              up to 1.28pt have occurred.


LaTeX Warning: There were multiply-defined labels.

 ) 
Here is how much of TeX's memory you used:
 7914 strings out of 495061
 104250 string characters out of 1182622
 187840 words of memory out of 3000000
 10643 multiletter control sequences out of 15000+50000
 21544 words of font info for 56 fonts, out of 3000000 for 9000
 28 hyphenation exceptions out of 8191
 38i,7n,36p,843b,441s stack positions out of 5000i,500n,10000p,200000b,50000s
{/usr/share/texmf-texlive/fonts/enc/dvips/base/8r.enc}</usr/share/texmf-texli
ve/fonts/type1/public/amsfonts/cm/cmbx10.pfb></usr/share/texmf-texlive/fonts/ty
pe1/public/amsfonts/cm/cmbx12.pfb></usr/share/texmf-texlive/fonts/type1/public/
amsfonts/cm/cmex10.pfb></usr/share/texmf-texlive/fonts/type1/public/amsfonts/cm
/cmmi10.pfb></usr/share/texmf-texlive/fonts/type1/public/amsfonts/cm/cmmi6.pfb>
</usr/share/texmf-texlive/fonts/type1/public/amsfonts/cm/cmmi8.pfb></usr/share/
texmf-texlive/fonts/type1/public/amsfonts/cm/cmr10.pfb></usr/share/texmf-texliv
e/fonts/type1/public/amsfonts/cm/cmr8.pfb></usr/share/texmf-texlive/fonts/type1
/public/amsfonts/cm/cmsy10.pfb></usr/share/texmf-texlive/fonts/type1/public/ams
fonts/cm/cmsy8.pfb></usr/share/texmf-texlive/fonts/type1/public/amsfonts/cm/cmt
i10.pfb></usr/share/texmf-texlive/fonts/type1/public/amsfonts/cm/cmtt10.pfb></u
sr/share/texmf-texlive/fonts/type1/public/amsfonts/symbols/msbm10.pfb></usr/sha
re/texmf-texlive/fonts/type1/urw/helvetic/uhvr8a.pfb>
Output written on projekt.pdf (51 pages, 4424945 bytes).
PDF statistics:
 1003 PDF objects out of 1200 (max. 8388607)
 191 named destinations out of 1000 (max. 500000)
 593 words of extra memory for PDF output out of 10000 (max. 10000000)

