\BOOKMARK [0][-]{chapter.1}{\376\377\000\332\000v\000o\000d}{}
\BOOKMARK [1][-]{section.1.1}{\376\377\000O\000p\000e\000n\000G\000L}{chapter.1}
\BOOKMARK [1][-]{section.1.2}{\376\377\000I\000n\000t\000r\000o}{chapter.1}
\BOOKMARK [1][-]{section.1.3}{\376\377\000V\000e\000l\000i\000k\000o\000s\000t\000\040\0006\0004\000K\000B}{chapter.1}
\BOOKMARK [1][-]{section.1.4}{\376\377\000P\001\131\000\355\000b\001\033\000h}{chapter.1}
\BOOKMARK [0][-]{chapter.2}{\376\377\000T\000e\000c\000h\000n\000i\000k\000y\000\040\000p\000r\000o\000\040\000o\000m\000e\000z\000e\000n\000\355\000\040\000v\000e\000l\000i\000k\000o\000s\000t\000i}{}
\BOOKMARK [1][-]{section.2.1}{\376\377\000N\000a\000s\000t\000a\000v\000e\000n\000\355\000\040\000p\001\131\000e\000k\000l\000a\000d\000a\001\015\000e}{chapter.2}
\BOOKMARK [1][-]{section.2.2}{\376\377\000E\000x\000e\000\040\000p\000a\000c\000k\000e\000r}{chapter.2}
\BOOKMARK [1][-]{section.2.3}{\376\377\000P\000r\000o\000g\000r\000a\000m\000\341\000t\000o\000r\000s\000k\000\375\000\040\000s\000t\000y\000l\000\040\000a\000\040\000k\000o\000n\000s\000t\000r\000u\000k\000c\000e}{chapter.2}
\BOOKMARK [1][-]{section.2.4}{\376\377\001\140\000a\000b\000l\000o\000n\000y\000,\000\040\000g\000e\000n\000e\000r\000o\000v\000\341\000n\000\355\000\040\000g\000r\000a\000f\000i\000c\000k\000\351\000h\000o\000\040\000o\000b\000s\000a\000h\000u}{chapter.2}
\BOOKMARK [1][-]{section.2.5}{\376\377\000D\000a\000l\001\141\000\355\000\040\000t\000e\000c\000h\000n\000i\000k\000y\000,\000\040\000o\000b\000f\000u\000s\000k\000a\000c\000e}{chapter.2}
\BOOKMARK [0][-]{chapter.3}{\376\377\000G\000e\000n\000e\000r\000o\000v\000\341\000n\000\355\000\040\000g\000r\000a\000f\000i\000c\000k\000\351\000h\000o\000\040\000o\000b\000s\000a\000h\000u}{}
\BOOKMARK [1][-]{section.3.1}{\376\377\001\140\000u\000m}{chapter.3}
\BOOKMARK [1][-]{section.3.2}{\376\377\000G\000e\000n\000e\000r\000o\000v\000\341\000n\000\355\000\040\001\141\000u\000m\000u\000\040\000p\001\157\000l\000e\000n\000\355\000m\000\040\000i\000n\000t\000e\000r\000v\000a\000l\000u}{chapter.3}
\BOOKMARK [1][-]{section.3.3}{\376\377\000V\000\355\000c\000e\000\040\000d\000i\000m\000e\000n\000z\000\355}{chapter.3}
\BOOKMARK [1][-]{section.3.4}{\376\377\000V\000o\000r\000o\000n\000\351\000h\000o\000\040\000d\000i\000a\000g\000r\000a\000m}{chapter.3}
\BOOKMARK [1][-]{section.3.5}{\376\377\000G\000e\000n\000e\000r\000o\000v\000\341\000n\000\355\000\040\000t\000e\000x\000t\000u\000r}{chapter.3}
\BOOKMARK [1][-]{section.3.6}{\376\377\000G\000e\000n\000e\000r\000o\000v\000\341\000n\000\355\000\040\000g\000e\000o\000m\000e\000t\000r\000i\000e}{chapter.3}
\BOOKMARK [1][-]{section.3.7}{\376\377\000B\000u\000m\000p\000\040\000m\000a\000p\000p\000i\000n\000g}{chapter.3}
\BOOKMARK [1][-]{section.3.8}{\376\377\000T\000e\000x\000t\000u\000r\000o\000v\000\341\000n\000\355}{chapter.3}
\BOOKMARK [1][-]{section.3.9}{\376\377\000S\000k\000y\000b\000o\000x}{chapter.3}
\BOOKMARK [1][-]{section.3.10}{\376\377\001\014\000\341\000s\000t\000i\000c\000o\000v\000\351\000\040\000s\000y\000s\000t\000\351\000m\000y}{chapter.3}
\BOOKMARK [1][-]{section.3.11}{\376\377\000E\000l\000a\000s\000t\000i\000c\000k\000\351\000\040\000s\000y\000s\000t\000\351\000m\000y}{chapter.3}
\BOOKMARK [1][-]{section.3.12}{\376\377\000K\000o\000l\000i\000z\000e}{chapter.3}
\BOOKMARK [1][-]{section.3.13}{\376\377\000V\000o\000d\000a}{chapter.3}
\BOOKMARK [1][-]{section.3.14}{\376\377\000T\000e\000r\000\351\000n}{chapter.3}
\BOOKMARK [1][-]{section.3.15}{\376\377\000P\000o\000h\000y\000b\000\040\000k\000a\000m\000e\000r\000y}{chapter.3}
\BOOKMARK [1][-]{section.3.16}{\376\377\000T\000e\000x\000t\000y}{chapter.3}
\BOOKMARK [0][-]{chapter.4}{\376\377\000I\000m\000p\000l\000e\000m\000e\000n\000t\000a\000c\000e}{}
\BOOKMARK [1][-]{section.4.1}{\376\377\000H\000u\000d\000b\000a}{chapter.4}
\BOOKMARK [1][-]{section.4.2}{\376\377\000S\000c\000\351\000n\000y\000\040\000i\000n\000t\000r\000a}{chapter.4}
\BOOKMARK [1][-]{section.4.3}{\376\377\000G\000L\000S\000L}{chapter.4}
\BOOKMARK [1][-]{section.4.4}{\376\377\000R\000o\000z\000d\001\033\000l\000e\000n\000\355\000\040\000p\000r\000o\000j\000e\000k\000t\000u\000\040\000a\000\040\000F\000P\000S}{chapter.4}
\BOOKMARK [0][-]{chapter.5}{\376\377\000Z\000\341\000v\001\033\000r}{}
